<?xml version="1.0" encoding="utf-8"?><testsuites name="pytest tests"><testsuite name="pytest" errors="0" failures="0" skipped="0" tests="10" time="2.308" timestamp="2026-08-14T17:54:33.068299+00:00" hostname="agent-env-72150918-c386-46de-b759-1aca5ebdace0"><testcase classname="tests.test_vps_export_audit" name="test_api_root" time="0.278" /><testcase classname="tests.test_vps_export_audit" name="test_home_modal_text" time="0.242" /><testcase classname="tests.test_vps_export_audit" name="test_inscricao_html" time="0.137" /><testcase classname="tests.test_vps_export_audit" name="test_comprovante_text" time="0.128" /><testcase classname="tests.test_vps_export_audit" name="test_admin_login_donas" time="0.307" /><testcase classname="tests.test_vps_export_audit" name="test_admin_login_farpa_removed" time="0.081" /><testcase classname="tests.test_vps_export_audit" name="test_donaspainel_route" time="0.086" /><testcase classname="tests.test_vps_export_audit" name="test_farpapainel_no_admin" time="0.106" /><testcase classname="tests.test_vps_export_audit" name="test_admin_protected_endpoint_requires_jwt" time="0.081" /><testcase classname="tests.test_vps_export_audit" name="test_admin_protected_endpoint_with_jwt" time="0.386" /></testsuite></testsuites>